#-----------------------------------------------------------
# Vivado v2020.2 (64-bit)
# SW Build 3064766 on Wed Nov 18 09:12:45 MST 2020
# IP Build 3064653 on Wed Nov 18 14:17:31 MST 2020
# Start of session at: Mon Jul 18 12:02:00 2022
# Process ID: 12280
# Current directory: C:/Users/ehgartns/Documents/summerReasearch2022
# Command line: vivado.exe -gui_launcher_event rodinguilauncherevent11372 C:\Users\ehgartns\Documents\summerReasearch2022\hw_pq_project.xpr
# Log file: C:/Users/ehgartns/Documents/summerReasearch2022/vivado.log
# Journal file: C:/Users/ehgartns/Documents/summerReasearch2022\vivado.jou
#-----------------------------------------------------------
start_gui
open_project C:/Users/ehgartns/Documents/summerReasearch2022/hw_pq_project.xpr
WARNING: [filemgmt 56-3] Default IP Output Path : Could not find the directory 'C:/Users/ehgartns/Documents/summerReasearch2022/hw_pq_project.gen/sources_1'.
Scanning sources...
Finished scanning sources
INFO: [IP_Flow 19-234] Refreshing IP repositories
INFO: [IP_Flow 19-1704] No user IP repositories specified
INFO: [IP_Flow 19-2313] Loaded Vivado IP repository 'C:/Xilinx/Vivado/2020.2/data/ip'.
open_project: Time (s): cpu = 00:00:22 ; elapsed = 00:00:12 . Memory (MB): peak = 1088.629 ; gain = 0.000
update_compile_order -fileset sources_1
synth_design -rtl -rtl_skip_mlo -name rtl_1
Command: synth_design -rtl -rtl_skip_mlo -name rtl_1
Starting synth_design
Using part: xc7a100tcsg324-1
Top: heap_pq_hw
INFO: [Device 21-403] Loading part xc7a100tcsg324-1
---------------------------------------------------------------------------------
Starting RTL Elaboration : Time (s): cpu = 00:00:06 ; elapsed = 00:00:06 . Memory (MB): peak = 1555.473 ; gain = 247.941
---------------------------------------------------------------------------------
INFO: [Synth 8-6157] synthesizing module 'heap_pq_hw' [C:/Users/ehgartns/Documents/summerReasearch2022/hw_pq/heap_pq/heap_pq_hw/heap_pq_hw.sv:14]
INFO: [Synth 8-6157] synthesizing module 'debounce' [C:/Users/ehgartns/Documents/summerReasearch2022/hw_pq/heap_pq/heap_pq_hw/debounce.sv:13]
	Parameter CLKPD_NS bound to: 10 - type: integer 
	Parameter CLKFREQ bound to: 100000000 - type: integer 
	Parameter DEBOUNCE_MS bound to: 10 - type: integer 
	Parameter CTRBITS bound to: 20 - type: integer 
INFO: [Synth 8-6155] done synthesizing module 'debounce' (1#1) [C:/Users/ehgartns/Documents/summerReasearch2022/hw_pq/heap_pq/heap_pq_hw/debounce.sv:13]
INFO: [Synth 8-6157] synthesizing module 'single_pulser' [C:/Users/ehgartns/Documents/summerReasearch2022/hw_pq/heap_pq/heap_pq_hw/single_pulser.sv:12]
INFO: [Synth 8-6155] done synthesizing module 'single_pulser' (2#1) [C:/Users/ehgartns/Documents/summerReasearch2022/hw_pq/heap_pq/heap_pq_hw/single_pulser.sv:12]
INFO: [Synth 8-6157] synthesizing module 'pq_if' [C:/Users/ehgartns/Documents/summerReasearch2022/hw_pq/pq_if.sv:14]
INFO: [Synth 8-6155] done synthesizing module 'pq_if' (2#1) [C:/Users/ehgartns/Documents/summerReasearch2022/hw_pq/pq_if.sv:14]
INFO: [Synth 8-6157] synthesizing module 'heap_pq' [C:/Users/ehgartns/Documents/summerReasearch2022/hw_pq/heap_pq/heap_pq.sv:7]
INFO: [Synth 8-6157] synthesizing module 'mem_swsr' [C:/Users/ehgartns/Documents/summerReasearch2022/hw_pq/heap_pq/mem_swsr.sv:15]
	Parameter W bound to: 8 - type: integer 
	Parameter D bound to: 16 - type: integer 
	Parameter DW bound to: 4 - type: integer 
INFO: [Synth 8-6155] done synthesizing module 'mem_swsr' (3#1) [C:/Users/ehgartns/Documents/summerReasearch2022/hw_pq/heap_pq/mem_swsr.sv:15]
INFO: [Synth 8-155] case statement is not full and has no default [C:/Users/ehgartns/Documents/summerReasearch2022/hw_pq/heap_pq/heap_pq.sv:118]
INFO: [Synth 8-6155] done synthesizing module 'heap_pq' (4#1) [C:/Users/ehgartns/Documents/summerReasearch2022/hw_pq/heap_pq/heap_pq.sv:7]
INFO: [Synth 8-6157] synthesizing module 'sevenseg_ctl' [C:/Users/ehgartns/Documents/summerReasearch2022/hw_pq/heap_pq/heap_pq_hw/sevenseg_ctl.sv:18]
INFO: [Synth 8-6157] synthesizing module 'period_enb' [C:/Users/ehgartns/Documents/summerReasearch2022/hw_pq/heap_pq/heap_pq_hw/period_enb.sv:20]
	Parameter PERIOD_MS bound to: 1 - type: integer 
	Parameter PERIOD_US bound to: 1000 - type: integer 
	Parameter PERIOD_NS bound to: 1000000 - type: integer 
	Parameter CLKFREQ_MHZ bound to: 100 - type: integer 
	Parameter CLKPD_NS bound to: 10 - type: integer 
	Parameter PERIOD_COUNT_LIMIT bound to: 100000 - type: integer 
	Parameter PERIOD_COUNT_BITS bound to: 17 - type: integer 
INFO: [Synth 8-6155] done synthesizing module 'period_enb' (5#1) [C:/Users/ehgartns/Documents/summerReasearch2022/hw_pq/heap_pq/heap_pq_hw/period_enb.sv:20]
INFO: [Synth 8-6157] synthesizing module 'counter' [C:/Users/ehgartns/Documents/summerReasearch2022/hw_pq/counter.sv:23]
	Parameter W bound to: 3 - type: integer 
INFO: [Synth 8-6155] done synthesizing module 'counter' (6#1) [C:/Users/ehgartns/Documents/summerReasearch2022/hw_pq/counter.sv:23]
INFO: [Synth 8-6157] synthesizing module 'dec_3_8_n' [C:/Users/ehgartns/Documents/summerReasearch2022/hw_pq/dec_3_8_n.sv:23]
INFO: [Synth 8-226] default block is never used [C:/Users/ehgartns/Documents/summerReasearch2022/hw_pq/dec_3_8_n.sv:31]
INFO: [Synth 8-6155] done synthesizing module 'dec_3_8_n' (7#1) [C:/Users/ehgartns/Documents/summerReasearch2022/hw_pq/dec_3_8_n.sv:23]
INFO: [Synth 8-6157] synthesizing module 'mux8' [C:/Users/ehgartns/Documents/summerReasearch2022/hw_pq/mux8.sv:23]
	Parameter W bound to: 7 - type: integer 
INFO: [Synth 8-226] default block is never used [C:/Users/ehgartns/Documents/summerReasearch2022/hw_pq/mux8.sv:28]
INFO: [Synth 8-6155] done synthesizing module 'mux8' (8#1) [C:/Users/ehgartns/Documents/summerReasearch2022/hw_pq/mux8.sv:23]
INFO: [Synth 8-6157] synthesizing module 'sevenseg_ext_n' [C:/Users/ehgartns/Documents/summerReasearch2022/hw_pq/heap_pq/heap_pq_hw/sevenseg_ext_n.sv:12]
INFO: [Synth 8-6155] done synthesizing module 'sevenseg_ext_n' (9#1) [C:/Users/ehgartns/Documents/summerReasearch2022/hw_pq/heap_pq/heap_pq_hw/sevenseg_ext_n.sv:12]
INFO: [Synth 8-6155] done synthesizing module 'sevenseg_ctl' (10#1) [C:/Users/ehgartns/Documents/summerReasearch2022/hw_pq/heap_pq/heap_pq_hw/sevenseg_ctl.sv:18]
ERROR: [Synth 8-524] part-select [15:12] out of range of prefix 'kvo' [C:/Users/ehgartns/Documents/summerReasearch2022/hw_pq/heap_pq/heap_pq_hw/heap_pq_hw.sv:71]
ERROR: [Synth 8-6156] failed synthesizing module 'heap_pq_hw' [C:/Users/ehgartns/Documents/summerReasearch2022/hw_pq/heap_pq/heap_pq_hw/heap_pq_hw.sv:14]
---------------------------------------------------------------------------------
Finished RTL Elaboration : Time (s): cpu = 00:00:07 ; elapsed = 00:00:07 . Memory (MB): peak = 1609.805 ; gain = 302.273
---------------------------------------------------------------------------------
RTL Elaboration failed
27 Infos, 0 Warnings, 0 Critical Warnings and 3 Errors encountered.
synth_design failed
ERROR: [Vivado_Tcl 4-5] Elaboration failed - please see the console for details
set_property top heap_pq_wrapper [get_filesets sim_1]
set_property top_lib xil_defaultlib [get_filesets sim_1]
synth_design -rtl -rtl_skip_mlo -name rtl_1
Command: synth_design -rtl -rtl_skip_mlo -name rtl_1
Starting synth_design
Using part: xc7a100tcsg324-1
Top: heap_pq_hw
---------------------------------------------------------------------------------
Starting RTL Elaboration : Time (s): cpu = 00:00:06 ; elapsed = 00:00:06 . Memory (MB): peak = 1641.453 ; gain = 4.293
---------------------------------------------------------------------------------
INFO: [Synth 8-6157] synthesizing module 'heap_pq_hw' [C:/Users/ehgartns/Documents/summerReasearch2022/hw_pq/heap_pq/heap_pq_hw/heap_pq_hw.sv:14]
INFO: [Synth 8-6157] synthesizing module 'debounce' [C:/Users/ehgartns/Documents/summerReasearch2022/hw_pq/heap_pq/heap_pq_hw/debounce.sv:13]
	Parameter CLKPD_NS bound to: 10 - type: integer 
	Parameter CLKFREQ bound to: 100000000 - type: integer 
	Parameter DEBOUNCE_MS bound to: 10 - type: integer 
	Parameter CTRBITS bound to: 20 - type: integer 
INFO: [Synth 8-6155] done synthesizing module 'debounce' (1#1) [C:/Users/ehgartns/Documents/summerReasearch2022/hw_pq/heap_pq/heap_pq_hw/debounce.sv:13]
INFO: [Synth 8-6157] synthesizing module 'single_pulser' [C:/Users/ehgartns/Documents/summerReasearch2022/hw_pq/heap_pq/heap_pq_hw/single_pulser.sv:12]
INFO: [Synth 8-6155] done synthesizing module 'single_pulser' (2#1) [C:/Users/ehgartns/Documents/summerReasearch2022/hw_pq/heap_pq/heap_pq_hw/single_pulser.sv:12]
INFO: [Synth 8-6157] synthesizing module 'pq_if' [C:/Users/ehgartns/Documents/summerReasearch2022/hw_pq/pq_if.sv:14]
INFO: [Synth 8-6155] done synthesizing module 'pq_if' (2#1) [C:/Users/ehgartns/Documents/summerReasearch2022/hw_pq/pq_if.sv:14]
INFO: [Synth 8-6157] synthesizing module 'heap_pq' [C:/Users/ehgartns/Documents/summerReasearch2022/hw_pq/heap_pq/heap_pq.sv:7]
INFO: [Synth 8-6157] synthesizing module 'mem_swsr' [C:/Users/ehgartns/Documents/summerReasearch2022/hw_pq/heap_pq/mem_swsr.sv:15]
	Parameter W bound to: 8 - type: integer 
	Parameter D bound to: 16 - type: integer 
	Parameter DW bound to: 4 - type: integer 
INFO: [Synth 8-6155] done synthesizing module 'mem_swsr' (3#1) [C:/Users/ehgartns/Documents/summerReasearch2022/hw_pq/heap_pq/mem_swsr.sv:15]
INFO: [Synth 8-155] case statement is not full and has no default [C:/Users/ehgartns/Documents/summerReasearch2022/hw_pq/heap_pq/heap_pq.sv:118]
INFO: [Synth 8-6155] done synthesizing module 'heap_pq' (4#1) [C:/Users/ehgartns/Documents/summerReasearch2022/hw_pq/heap_pq/heap_pq.sv:7]
INFO: [Synth 8-6157] synthesizing module 'sevenseg_ctl' [C:/Users/ehgartns/Documents/summerReasearch2022/hw_pq/heap_pq/heap_pq_hw/sevenseg_ctl.sv:18]
INFO: [Synth 8-6157] synthesizing module 'period_enb' [C:/Users/ehgartns/Documents/summerReasearch2022/hw_pq/heap_pq/heap_pq_hw/period_enb.sv:20]
	Parameter PERIOD_MS bound to: 1 - type: integer 
	Parameter PERIOD_US bound to: 1000 - type: integer 
	Parameter PERIOD_NS bound to: 1000000 - type: integer 
	Parameter CLKFREQ_MHZ bound to: 100 - type: integer 
	Parameter CLKPD_NS bound to: 10 - type: integer 
	Parameter PERIOD_COUNT_LIMIT bound to: 100000 - type: integer 
	Parameter PERIOD_COUNT_BITS bound to: 17 - type: integer 
INFO: [Synth 8-6155] done synthesizing module 'period_enb' (5#1) [C:/Users/ehgartns/Documents/summerReasearch2022/hw_pq/heap_pq/heap_pq_hw/period_enb.sv:20]
INFO: [Synth 8-6157] synthesizing module 'counter' [C:/Users/ehgartns/Documents/summerReasearch2022/hw_pq/counter.sv:23]
	Parameter W bound to: 3 - type: integer 
INFO: [Synth 8-6155] done synthesizing module 'counter' (6#1) [C:/Users/ehgartns/Documents/summerReasearch2022/hw_pq/counter.sv:23]
INFO: [Synth 8-6157] synthesizing module 'dec_3_8_n' [C:/Users/ehgartns/Documents/summerReasearch2022/hw_pq/dec_3_8_n.sv:23]
INFO: [Synth 8-226] default block is never used [C:/Users/ehgartns/Documents/summerReasearch2022/hw_pq/dec_3_8_n.sv:31]
INFO: [Synth 8-6155] done synthesizing module 'dec_3_8_n' (7#1) [C:/Users/ehgartns/Documents/summerReasearch2022/hw_pq/dec_3_8_n.sv:23]
INFO: [Synth 8-6157] synthesizing module 'mux8' [C:/Users/ehgartns/Documents/summerReasearch2022/hw_pq/mux8.sv:23]
	Parameter W bound to: 7 - type: integer 
INFO: [Synth 8-226] default block is never used [C:/Users/ehgartns/Documents/summerReasearch2022/hw_pq/mux8.sv:28]
INFO: [Synth 8-6155] done synthesizing module 'mux8' (8#1) [C:/Users/ehgartns/Documents/summerReasearch2022/hw_pq/mux8.sv:23]
INFO: [Synth 8-6157] synthesizing module 'sevenseg_ext_n' [C:/Users/ehgartns/Documents/summerReasearch2022/hw_pq/heap_pq/heap_pq_hw/sevenseg_ext_n.sv:12]
INFO: [Synth 8-6155] done synthesizing module 'sevenseg_ext_n' (9#1) [C:/Users/ehgartns/Documents/summerReasearch2022/hw_pq/heap_pq/heap_pq_hw/sevenseg_ext_n.sv:12]
INFO: [Synth 8-6155] done synthesizing module 'sevenseg_ctl' (10#1) [C:/Users/ehgartns/Documents/summerReasearch2022/hw_pq/heap_pq/heap_pq_hw/sevenseg_ctl.sv:18]
ERROR: [Synth 8-524] part-select [15:12] out of range of prefix 'kvo' [C:/Users/ehgartns/Documents/summerReasearch2022/hw_pq/heap_pq/heap_pq_hw/heap_pq_hw.sv:71]
ERROR: [Synth 8-6156] failed synthesizing module 'heap_pq_hw' [C:/Users/ehgartns/Documents/summerReasearch2022/hw_pq/heap_pq/heap_pq_hw/heap_pq_hw.sv:14]
---------------------------------------------------------------------------------
Finished RTL Elaboration : Time (s): cpu = 00:00:08 ; elapsed = 00:00:07 . Memory (MB): peak = 1641.453 ; gain = 4.293
---------------------------------------------------------------------------------
RTL Elaboration failed
26 Infos, 0 Warnings, 0 Critical Warnings and 3 Errors encountered.
synth_design failed
ERROR: [Vivado_Tcl 4-5] Elaboration failed - please see the console for details
set_property top heap_pq_hw [get_filesets sim_1]
set_property top_lib xil_defaultlib [get_filesets sim_1]
synth_design -rtl -rtl_skip_mlo -name rtl_1
Command: synth_design -rtl -rtl_skip_mlo -name rtl_1
Starting synth_design
Using part: xc7a100tcsg324-1
Top: heap_pq_hw
---------------------------------------------------------------------------------
Starting RTL Elaboration : Time (s): cpu = 00:00:05 ; elapsed = 00:00:06 . Memory (MB): peak = 1656.227 ; gain = 13.344
---------------------------------------------------------------------------------
INFO: [Synth 8-6157] synthesizing module 'heap_pq_hw' [C:/Users/ehgartns/Documents/summerReasearch2022/hw_pq/heap_pq/heap_pq_hw/heap_pq_hw.sv:14]
INFO: [Synth 8-6157] synthesizing module 'debounce' [C:/Users/ehgartns/Documents/summerReasearch2022/hw_pq/heap_pq/heap_pq_hw/debounce.sv:13]
	Parameter CLKPD_NS bound to: 10 - type: integer 
	Parameter CLKFREQ bound to: 100000000 - type: integer 
	Parameter DEBOUNCE_MS bound to: 10 - type: integer 
	Parameter CTRBITS bound to: 20 - type: integer 
INFO: [Synth 8-6155] done synthesizing module 'debounce' (1#1) [C:/Users/ehgartns/Documents/summerReasearch2022/hw_pq/heap_pq/heap_pq_hw/debounce.sv:13]
INFO: [Synth 8-6157] synthesizing module 'single_pulser' [C:/Users/ehgartns/Documents/summerReasearch2022/hw_pq/heap_pq/heap_pq_hw/single_pulser.sv:12]
INFO: [Synth 8-6155] done synthesizing module 'single_pulser' (2#1) [C:/Users/ehgartns/Documents/summerReasearch2022/hw_pq/heap_pq/heap_pq_hw/single_pulser.sv:12]
INFO: [Synth 8-6157] synthesizing module 'pq_if' [C:/Users/ehgartns/Documents/summerReasearch2022/hw_pq/pq_if.sv:14]
INFO: [Synth 8-6155] done synthesizing module 'pq_if' (2#1) [C:/Users/ehgartns/Documents/summerReasearch2022/hw_pq/pq_if.sv:14]
INFO: [Synth 8-6157] synthesizing module 'heap_pq' [C:/Users/ehgartns/Documents/summerReasearch2022/hw_pq/heap_pq/heap_pq.sv:7]
INFO: [Synth 8-6157] synthesizing module 'mem_swsr' [C:/Users/ehgartns/Documents/summerReasearch2022/hw_pq/heap_pq/mem_swsr.sv:15]
	Parameter W bound to: 8 - type: integer 
	Parameter D bound to: 16 - type: integer 
	Parameter DW bound to: 4 - type: integer 
INFO: [Synth 8-6155] done synthesizing module 'mem_swsr' (3#1) [C:/Users/ehgartns/Documents/summerReasearch2022/hw_pq/heap_pq/mem_swsr.sv:15]
INFO: [Synth 8-155] case statement is not full and has no default [C:/Users/ehgartns/Documents/summerReasearch2022/hw_pq/heap_pq/heap_pq.sv:118]
INFO: [Synth 8-6155] done synthesizing module 'heap_pq' (4#1) [C:/Users/ehgartns/Documents/summerReasearch2022/hw_pq/heap_pq/heap_pq.sv:7]
INFO: [Synth 8-6157] synthesizing module 'sevenseg_ctl' [C:/Users/ehgartns/Documents/summerReasearch2022/hw_pq/heap_pq/heap_pq_hw/sevenseg_ctl.sv:18]
INFO: [Synth 8-6157] synthesizing module 'period_enb' [C:/Users/ehgartns/Documents/summerReasearch2022/hw_pq/heap_pq/heap_pq_hw/period_enb.sv:20]
	Parameter PERIOD_MS bound to: 1 - type: integer 
	Parameter PERIOD_US bound to: 1000 - type: integer 
	Parameter PERIOD_NS bound to: 1000000 - type: integer 
	Parameter CLKFREQ_MHZ bound to: 100 - type: integer 
	Parameter CLKPD_NS bound to: 10 - type: integer 
	Parameter PERIOD_COUNT_LIMIT bound to: 100000 - type: integer 
	Parameter PERIOD_COUNT_BITS bound to: 17 - type: integer 
INFO: [Synth 8-6155] done synthesizing module 'period_enb' (5#1) [C:/Users/ehgartns/Documents/summerReasearch2022/hw_pq/heap_pq/heap_pq_hw/period_enb.sv:20]
INFO: [Synth 8-6157] synthesizing module 'counter' [C:/Users/ehgartns/Documents/summerReasearch2022/hw_pq/counter.sv:23]
	Parameter W bound to: 3 - type: integer 
INFO: [Synth 8-6155] done synthesizing module 'counter' (6#1) [C:/Users/ehgartns/Documents/summerReasearch2022/hw_pq/counter.sv:23]
INFO: [Synth 8-6157] synthesizing module 'dec_3_8_n' [C:/Users/ehgartns/Documents/summerReasearch2022/hw_pq/dec_3_8_n.sv:23]
INFO: [Synth 8-226] default block is never used [C:/Users/ehgartns/Documents/summerReasearch2022/hw_pq/dec_3_8_n.sv:31]
INFO: [Synth 8-6155] done synthesizing module 'dec_3_8_n' (7#1) [C:/Users/ehgartns/Documents/summerReasearch2022/hw_pq/dec_3_8_n.sv:23]
INFO: [Synth 8-6157] synthesizing module 'mux8' [C:/Users/ehgartns/Documents/summerReasearch2022/hw_pq/mux8.sv:23]
	Parameter W bound to: 7 - type: integer 
INFO: [Synth 8-226] default block is never used [C:/Users/ehgartns/Documents/summerReasearch2022/hw_pq/mux8.sv:28]
INFO: [Synth 8-6155] done synthesizing module 'mux8' (8#1) [C:/Users/ehgartns/Documents/summerReasearch2022/hw_pq/mux8.sv:23]
INFO: [Synth 8-6157] synthesizing module 'sevenseg_ext_n' [C:/Users/ehgartns/Documents/summerReasearch2022/hw_pq/heap_pq/heap_pq_hw/sevenseg_ext_n.sv:12]
INFO: [Synth 8-6155] done synthesizing module 'sevenseg_ext_n' (9#1) [C:/Users/ehgartns/Documents/summerReasearch2022/hw_pq/heap_pq/heap_pq_hw/sevenseg_ext_n.sv:12]
INFO: [Synth 8-6155] done synthesizing module 'sevenseg_ctl' (10#1) [C:/Users/ehgartns/Documents/summerReasearch2022/hw_pq/heap_pq/heap_pq_hw/sevenseg_ctl.sv:18]
ERROR: [Synth 8-524] part-select [15:12] out of range of prefix 'kvo' [C:/Users/ehgartns/Documents/summerReasearch2022/hw_pq/heap_pq/heap_pq_hw/heap_pq_hw.sv:71]
ERROR: [Synth 8-6156] failed synthesizing module 'heap_pq_hw' [C:/Users/ehgartns/Documents/summerReasearch2022/hw_pq/heap_pq/heap_pq_hw/heap_pq_hw.sv:14]
---------------------------------------------------------------------------------
Finished RTL Elaboration : Time (s): cpu = 00:00:07 ; elapsed = 00:00:07 . Memory (MB): peak = 1656.242 ; gain = 13.359
---------------------------------------------------------------------------------
RTL Elaboration failed
26 Infos, 0 Warnings, 0 Critical Warnings and 3 Errors encountered.
synth_design failed
ERROR: [Vivado_Tcl 4-5] Elaboration failed - please see the console for details
exit
INFO: [Common 17-206] Exiting Vivado at Mon Jul 18 12:07:59 2022...
