#-----------------------------------------------------------
# Vivado v2020.2 (64-bit)
# SW Build 3064766 on Wed Nov 18 09:12:45 MST 2020
# IP Build 3064653 on Wed Nov 18 14:17:31 MST 2020
# Start of session at: Thu Jun 16 15:07:23 2022
# Process ID: 13148
# Current directory: C:/Users/ehgartns/Documents/summerReasearch2022
# Command line: vivado.exe -gui_launcher_event rodinguilauncherevent2996 C:\Users\ehgartns\Documents\summerReasearch2022\hw_pq_project.xpr
# Log file: C:/Users/ehgartns/Documents/summerReasearch2022/vivado.log
# Journal file: C:/Users/ehgartns/Documents/summerReasearch2022\vivado.jou
#-----------------------------------------------------------
start_gui
open_project C:/Users/ehgartns/Documents/summerReasearch2022/hw_pq_project.xpr
WARNING: [filemgmt 56-3] Default IP Output Path : Could not find the directory 'C:/Users/ehgartns/Documents/summerReasearch2022/hw_pq_project.gen/sources_1'.
Scanning sources...
Finished scanning sources
INFO: [IP_Flow 19-234] Refreshing IP repositories
INFO: [IP_Flow 19-1704] No user IP repositories specified
INFO: [IP_Flow 19-2313] Loaded Vivado IP repository 'C:/Xilinx/Vivado/2020.2/data/ip'.
open_project: Time (s): cpu = 00:00:20 ; elapsed = 00:00:11 . Memory (MB): peak = 1088.457 ; gain = 0.000
update_compile_order -fileset sources_1
open_hw_manager
reset_run synth_1
launch_runs impl_1 -jobs 2
[Thu Jun 16 15:10:20 2022] Launched synth_1...
Run output will be captured here: C:/Users/ehgartns/Documents/summerReasearch2022/hw_pq_project.runs/synth_1/runme.log
[Thu Jun 16 15:10:20 2022] Launched impl_1...
Run output will be captured here: C:/Users/ehgartns/Documents/summerReasearch2022/hw_pq_project.runs/impl_1/runme.log
reset_run synth_1
launch_runs impl_1 -jobs 2
[Thu Jun 16 15:15:38 2022] Launched synth_1...
Run output will be captured here: C:/Users/ehgartns/Documents/summerReasearch2022/hw_pq_project.runs/synth_1/runme.log
[Thu Jun 16 15:15:38 2022] Launched impl_1...
Run output will be captured here: C:/Users/ehgartns/Documents/summerReasearch2022/hw_pq_project.runs/impl_1/runme.log
reset_run synth_1
launch_runs impl_1 -jobs 2
[Thu Jun 16 15:20:02 2022] Launched synth_1...
Run output will be captured here: C:/Users/ehgartns/Documents/summerReasearch2022/hw_pq_project.runs/synth_1/runme.log
[Thu Jun 16 15:20:02 2022] Launched impl_1...
Run output will be captured here: C:/Users/ehgartns/Documents/summerReasearch2022/hw_pq_project.runs/impl_1/runme.log
reset_run synth_1
launch_runs impl_1 -jobs 2
[Thu Jun 16 15:23:29 2022] Launched synth_1...
Run output will be captured here: C:/Users/ehgartns/Documents/summerReasearch2022/hw_pq_project.runs/synth_1/runme.log
[Thu Jun 16 15:23:29 2022] Launched impl_1...
Run output will be captured here: C:/Users/ehgartns/Documents/summerReasearch2022/hw_pq_project.runs/impl_1/runme.log
reset_run synth_1
launch_runs impl_1 -jobs 2
[Thu Jun 16 15:26:38 2022] Launched synth_1...
Run output will be captured here: C:/Users/ehgartns/Documents/summerReasearch2022/hw_pq_project.runs/synth_1/runme.log
[Thu Jun 16 15:26:39 2022] Launched impl_1...
Run output will be captured here: C:/Users/ehgartns/Documents/summerReasearch2022/hw_pq_project.runs/impl_1/runme.log
reset_run synth_1
launch_runs impl_1 -jobs 2
[Thu Jun 16 15:29:52 2022] Launched synth_1...
Run output will be captured here: C:/Users/ehgartns/Documents/summerReasearch2022/hw_pq_project.runs/synth_1/runme.log
[Thu Jun 16 15:29:52 2022] Launched impl_1...
Run output will be captured here: C:/Users/ehgartns/Documents/summerReasearch2022/hw_pq_project.runs/impl_1/runme.log
reset_run synth_1
launch_runs impl_1 -jobs 2
[Thu Jun 16 15:32:56 2022] Launched synth_1...
Run output will be captured here: C:/Users/ehgartns/Documents/summerReasearch2022/hw_pq_project.runs/synth_1/runme.log
[Thu Jun 16 15:32:57 2022] Launched impl_1...
Run output will be captured here: C:/Users/ehgartns/Documents/summerReasearch2022/hw_pq_project.runs/impl_1/runme.log
reset_run synth_1
launch_runs impl_1 -jobs 2
[Thu Jun 16 15:35:58 2022] Launched synth_1...
Run output will be captured here: C:/Users/ehgartns/Documents/summerReasearch2022/hw_pq_project.runs/synth_1/runme.log
[Thu Jun 16 15:35:58 2022] Launched impl_1...
Run output will be captured here: C:/Users/ehgartns/Documents/summerReasearch2022/hw_pq_project.runs/impl_1/runme.log
reset_run synth_1
launch_runs impl_1 -jobs 2
[Thu Jun 16 15:51:07 2022] Launched synth_1...
Run output will be captured here: C:/Users/ehgartns/Documents/summerReasearch2022/hw_pq_project.runs/synth_1/runme.log
[Thu Jun 16 15:51:08 2022] Launched impl_1...
Run output will be captured here: C:/Users/ehgartns/Documents/summerReasearch2022/hw_pq_project.runs/impl_1/runme.log
reset_run synth_1
launch_runs impl_1 -jobs 2
[Thu Jun 16 15:54:09 2022] Launched synth_1...
Run output will be captured here: C:/Users/ehgartns/Documents/summerReasearch2022/hw_pq_project.runs/synth_1/runme.log
[Thu Jun 16 15:54:09 2022] Launched impl_1...
Run output will be captured here: C:/Users/ehgartns/Documents/summerReasearch2022/hw_pq_project.runs/impl_1/runme.log
reset_run synth_1
launch_runs impl_1 -jobs 2
[Thu Jun 16 15:57:36 2022] Launched synth_1...
Run output will be captured here: C:/Users/ehgartns/Documents/summerReasearch2022/hw_pq_project.runs/synth_1/runme.log
[Thu Jun 16 15:57:36 2022] Launched impl_1...
Run output will be captured here: C:/Users/ehgartns/Documents/summerReasearch2022/hw_pq_project.runs/impl_1/runme.log
reset_run synth_1
launch_runs impl_1 -jobs 2
[Thu Jun 16 16:00:29 2022] Launched synth_1...
Run output will be captured here: C:/Users/ehgartns/Documents/summerReasearch2022/hw_pq_project.runs/synth_1/runme.log
[Thu Jun 16 16:00:29 2022] Launched impl_1...
Run output will be captured here: C:/Users/ehgartns/Documents/summerReasearch2022/hw_pq_project.runs/impl_1/runme.log
reset_run synth_1
launch_runs impl_1 -jobs 2
[Thu Jun 16 16:03:39 2022] Launched synth_1...
Run output will be captured here: C:/Users/ehgartns/Documents/summerReasearch2022/hw_pq_project.runs/synth_1/runme.log
[Thu Jun 16 16:03:39 2022] Launched impl_1...
Run output will be captured here: C:/Users/ehgartns/Documents/summerReasearch2022/hw_pq_project.runs/impl_1/runme.log
reset_run synth_1
launch_runs impl_1 -jobs 2
[Thu Jun 16 16:06:29 2022] Launched synth_1...
Run output will be captured here: C:/Users/ehgartns/Documents/summerReasearch2022/hw_pq_project.runs/synth_1/runme.log
[Thu Jun 16 16:06:29 2022] Launched impl_1...
Run output will be captured here: C:/Users/ehgartns/Documents/summerReasearch2022/hw_pq_project.runs/impl_1/runme.log
reset_run synth_1
launch_runs impl_1 -jobs 2
[Thu Jun 16 16:09:09 2022] Launched synth_1...
Run output will be captured here: C:/Users/ehgartns/Documents/summerReasearch2022/hw_pq_project.runs/synth_1/runme.log
[Thu Jun 16 16:09:09 2022] Launched impl_1...
Run output will be captured here: C:/Users/ehgartns/Documents/summerReasearch2022/hw_pq_project.runs/impl_1/runme.log
exit
INFO: [Common 17-206] Exiting Vivado at Thu Jun 16 16:11:47 2022...
